<?xml version="1.0" encoding="UTF-8"?>
<!-- Generated by org.testng.reporters.JUnitReportReporter -->
<testsuite hostname="Aanchal-PC" name="testng.TC2" tests="1" failures="0" timestamp="26 Jun 2020 17:57:56 GMT" time="56.644" errors="0">
  <testcase name="signup_code" time="56.644" classname="testng.TC2"/>
</testsuite> <!-- testng.TC2 -->
