<?xml version="1.0" encoding="UTF-8"?>
<!-- Generated by org.testng.reporters.JUnitReportReporter -->
<testsuite hostname="Aanchal-PC" name="testng.TC5" tests="1" failures="0" timestamp="26 Jun 2020 17:57:56 GMT" time="62.647" errors="0">
  <testcase name="signup_code" time="62.647" classname="testng.TC5"/>
</testsuite> <!-- testng.TC5 -->
