<?xml version="1.0" encoding="UTF-8"?>
<!-- Generated by org.testng.reporters.JUnitReportReporter -->
<testsuite hostname="Aanchal-PC" name="testng.TC1" tests="1" failures="0" timestamp="26 Jun 2020 17:57:56 GMT" time="56.985" errors="0">
  <testcase name="signup_code" time="56.985" classname="testng.TC1"/>
</testsuite> <!-- testng.TC1 -->
